<?xml version="1.0" encoding="UTF-8"?>
<!-- Generated by org.testng.reporters.JUnitXMLReporter -->
<testsuite hostname="Dipti4240-01" ignored="0" name="Default test" tests="5" failures="0" timestamp="2020-07-02T13:55:11 IST" time="6.219" errors="0">
  <testcase name="ReqresCreateUser" time="1.91" classname="com.test.favqs.tests.SampleTest"/>
  <testcase name="ReqresGetListofUsers" time="0.873" classname="com.test.favqs.tests.SampleTest"/>
  <testcase name="ReqresGetSingleUser" time="0.828" classname="com.test.favqs.tests.SampleTest"/>
  <testcase name="ReqresSingleUserNotFound" time="0.91" classname="com.test.favqs.tests.SampleTest"/>
  <testcase name="ReqresUpdateUser" time="0.902" classname="com.test.favqs.tests.SampleTest"/>
</testsuite> <!-- Default test -->
